<?xml version="1.0" encoding="UTF-8"?>
<testsuite name="com.assignment.test.NewsHeadingTest" tests="1" skipped="0" failures="0" errors="0" timestamp="2020-02-09T17:39:11" hostname="admin1-HP-EliteBook-Folio-9480m" time="0.009">
  <properties/>
  <testcase name="givenMethodToGetCountOfWordsInList" classname="com.assignment.test.NewsHeadingTest" time="0.009"/>
  <system-out><![CDATA[[Nagpur, is, famous, for, its, orange, Pune, is, the, cultural, capital, of, maratha, people, Mumbai, is, the, capital, city, of, maharashtra, state]
]]></system-out>
  <system-err><![CDATA[]]></system-err>
</testsuite>
